[2025-04-24T04:59:44.029+0000] {local_task_job_runner.py:123} INFO - ::group::Pre task execution logs
[2025-04-24T04:59:44.057+0000] {taskinstance.py:2612} INFO - Dependencies all met for dep_context=non-requeueable deps ti=<TaskInstance: full_etl_dbt_pipeline.fetch_stock_data scheduled__2025-04-23T00:00:00+00:00 [queued]>
[2025-04-24T04:59:44.081+0000] {taskinstance.py:2612} INFO - Dependencies all met for dep_context=requeueable deps ti=<TaskInstance: full_etl_dbt_pipeline.fetch_stock_data scheduled__2025-04-23T00:00:00+00:00 [queued]>
[2025-04-24T04:59:44.082+0000] {taskinstance.py:2865} INFO - Starting attempt 1 of 2
[2025-04-24T04:59:44.112+0000] {taskinstance.py:2888} INFO - Executing <Task(_PythonDecoratedOperator): fetch_stock_data> on 2025-04-23 00:00:00+00:00
[2025-04-24T04:59:44.126+0000] {standard_task_runner.py:104} INFO - Running: ['***', 'tasks', 'run', 'full_etl_dbt_pipeline', 'fetch_stock_data', 'scheduled__2025-04-23T00:00:00+00:00', '--job-id', '253', '--raw', '--subdir', 'DAGS_FOLDER/run_dbt_pipeline.py', '--cfg-path', '/tmp/tmp2shx_ipr']
[2025-04-24T04:59:44.136+0000] {standard_task_runner.py:105} INFO - Job 253: Subtask fetch_stock_data
[2025-04-24T04:59:44.135+0000] {logging_mixin.py:190} WARNING - /home/***/.local/lib/python3.12/site-packages/***/task/task_runner/standard_task_runner.py:70 DeprecationWarning: This process (pid=205) is multi-threaded, use of fork() may lead to deadlocks in the child.
[2025-04-24T04:59:44.146+0000] {standard_task_runner.py:72} INFO - Started process 227 to run task
[2025-04-24T04:59:44.230+0000] {task_command.py:467} INFO - Running <TaskInstance: full_etl_dbt_pipeline.fetch_stock_data scheduled__2025-04-23T00:00:00+00:00 [running]> on host aab73994fc52
[2025-04-24T04:59:44.442+0000] {taskinstance.py:3131} INFO - Exporting env vars: AIRFLOW_CTX_DAG_OWNER='***' AIRFLOW_CTX_DAG_ID='full_etl_dbt_pipeline' AIRFLOW_CTX_TASK_ID='fetch_stock_data' AIRFLOW_CTX_EXECUTION_DATE='2025-04-23T00:00:00+00:00' AIRFLOW_CTX_TRY_NUMBER='1' AIRFLOW_CTX_DAG_RUN_ID='scheduled__2025-04-23T00:00:00+00:00'
[2025-04-24T04:59:44.446+0000] {taskinstance.py:731} INFO - ::endgroup::
[2025-04-24T04:59:44.899+0000] {python.py:240} INFO - Done. Returned value was:                          Date Symbol  ...       Close     Volume
0   2024-08-05 00:00:00-04:00   NVDA  ...  100.425247  552842400
1   2024-08-06 00:00:00-04:00   NVDA  ...  104.224312  409012100
2   2024-08-07 00:00:00-04:00   NVDA  ...   98.885635  411440400
3   2024-08-08 00:00:00-04:00   NVDA  ...  104.944138  391910000
4   2024-08-09 00:00:00-04:00   NVDA  ...  104.724190  290844200
..                        ...    ...  ...         ...        ...
175 2025-04-16 00:00:00-04:00   AAPL  ...  194.270004   59732400
176 2025-04-17 00:00:00-04:00   AAPL  ...  196.979996   51334300
177 2025-04-21 00:00:00-04:00   AAPL  ...  193.160004   46742500
178 2025-04-22 00:00:00-04:00   AAPL  ...  199.740005   52976400
179 2025-04-23 00:00:00-04:00   AAPL  ...  204.600006   52863100

[360 rows x 7 columns]
[2025-04-24T04:59:45.013+0000] {taskinstance.py:340} INFO - ::group::Post task execution logs
[2025-04-24T04:59:45.014+0000] {taskinstance.py:352} INFO - Marking task as SUCCESS. dag_id=full_etl_dbt_pipeline, task_id=fetch_stock_data, run_id=scheduled__2025-04-23T00:00:00+00:00, execution_date=20250423T000000, start_date=20250424T045944, end_date=20250424T045945
[2025-04-24T04:59:45.049+0000] {local_task_job_runner.py:266} INFO - Task exited with return code 0
[2025-04-24T04:59:45.117+0000] {taskinstance.py:3900} INFO - 1 downstream tasks scheduled from follow-on schedule check
[2025-04-24T04:59:45.124+0000] {local_task_job_runner.py:245} INFO - ::endgroup::
